2023-06-14 14:36:00,235 - INFO - pcap2session.py [:110] - 提取完成了支付宝的数据
2023-06-14 14:36:04,447 - INFO - pcap2session.py [:110] - 提取完成了知乎的数据
2023-06-14 14:36:04,449 - INFO - pcap2session.py [:114] - 提取完成了数据
2023-06-14 14:36:04,449 - INFO - pcap2session.py [:115] - 标签与序号的对应关系:{'支付宝': 0, '知乎': 1}
2023-06-14 14:36:04,449 - INFO - pcap2session.py [:119] - 序号与标签的对应关系:{0: '支付宝', 1: '知乎'}
2023-06-14 14:38:01,806 - INFO - pcap2session.py [:110] - 提取完成了支付宝的数据
2023-06-14 14:38:06,322 - INFO - pcap2session.py [:110] - 提取完成了知乎的数据
2023-06-14 14:38:06,324 - INFO - pcap2session.py [:114] - 提取完成了数据
2023-06-14 14:38:06,325 - INFO - pcap2session.py [:115] - 标签与序号的对应关系:{'支付宝': 0, '知乎': 1}
2023-06-14 14:38:06,325 - INFO - pcap2session.py [:119] - 序号与标签的对应关系:{0: '支付宝', 1: '知乎'}
2023-06-14 14:38:51,794 - INFO - pcap2session.py [:110] - 提取完成了支付宝的数据
2023-06-14 14:38:56,059 - INFO - pcap2session.py [:110] - 提取完成了知乎的数据
2023-06-14 14:38:56,061 - INFO - pcap2session.py [:114] - 提取完成了数据
2023-06-14 14:38:56,061 - INFO - pcap2session.py [:115] - 标签与序号的对应关系:{'支付宝': 0, '知乎': 1}
2023-06-14 14:38:56,062 - INFO - pcap2session.py [:119] - 序号与标签的对应关系:{0: '支付宝', 1: '知乎'}
2023-06-14 14:39:40,895 - INFO - pcap2session.py [:110] - 提取完成了支付宝的数据
2023-06-14 14:39:45,639 - INFO - pcap2session.py [:110] - 提取完成了知乎的数据
2023-06-14 14:39:45,641 - INFO - pcap2session.py [:114] - 提取完成了数据
2023-06-14 14:39:45,641 - INFO - pcap2session.py [:115] - 标签与序号的对应关系:{'支付宝': 0, '知乎': 1}
2023-06-14 14:39:45,642 - INFO - pcap2session.py [:119] - 序号与标签的对应关系:{0: '支付宝', 1: '知乎'}
2023-06-14 15:05:13,006 - INFO - 2_train_test_script.py [:24] - {'preprocess': {'npy_path': '../npy_data/test', 'traffic_path': '../test_data', 'packet_num': 4, 'byte_num': 256, 'ipLength': 128, 'threshold': 3, 'train_size': 0.8}, 'train': {'train_pay': '../npy_data/train/payload.npy', 'train_label': '../npy_data/train/label.npy', 'test_pay': '../npy_data/test/payload.npy', 'test_label': '../npy_data/test/label.npy', 'BATCH_SIZE': 128, 'input_size': 1, 'hidden_size': 512, 'num_layers': 1, 'Bi': False, 'epochs': 150, 'lr': 0.001, 'model_dir': '../checkpoint', 'model_name': 'cnn_lstm.pth'}, 'test': {'evaluate': False, 'pretrained': False, 'label2index': {'支付宝': 0, '知乎': 1}}}
2023-06-14 15:05:13,006 - INFO - 2_train_test_script.py [:27] - 是否使用 GPU 进行训练, cpu
2023-06-14 15:05:18,583 - INFO - 2_train_test_script.py [:39] - 成功初始化模型.
2023-06-14 15:06:29,158 - INFO - 2_train_test_script.py [:24] - {'preprocess': {'npy_path': '../npy_data/test', 'traffic_path': '../test_data', 'packet_num': 4, 'byte_num': 256, 'ipLength': 128, 'threshold': 3, 'train_size': 0.8}, 'train': {'train_pay': '../npy_data/train/pay_load.npy', 'train_seq': '../npy_data/train/ip_length.npy', 'train_label': '../npy_data/train/label.npy', 'test_pay': '../npy_data/test/pay_load.npy', 'test_seq': '../npy_data/train/ip_length.npy', 'test_label': '../npy_data/test/label.npy', 'BATCH_SIZE': 128, 'input_size': 1, 'hidden_size': 512, 'num_layers': 1, 'Bi': False, 'epochs': 150, 'lr': 0.001, 'model_dir': '../checkpoint', 'model_name': 'cnn_lstm.pth'}, 'test': {'evaluate': False, 'pretrained': False, 'label2index': {'支付宝': 0, '知乎': 1}}}
2023-06-14 15:06:29,158 - INFO - 2_train_test_script.py [:27] - 是否使用 GPU 进行训练, cpu
2023-06-14 15:06:32,476 - INFO - 2_train_test_script.py [:39] - 成功初始化模型.
2023-06-14 15:07:14,106 - INFO - 2_train_test_script.py [:24] - {'preprocess': {'npy_path': '../npy_data/test', 'traffic_path': '../test_data', 'packet_num': 4, 'byte_num': 256, 'ipLength': 128, 'threshold': 3, 'train_size': 0.8}, 'train': {'train_pay': '../npy_data/train/pay_load.npy', 'train_seq': '../npy_data/train/ip_length.npy', 'train_label': '../npy_data/train/label.npy', 'test_pay': '../npy_data/test/pay_load.npy', 'test_seq': '../npy_data/train/ip_length.npy', 'test_label': '../npy_data/test/label.npy', 'BATCH_SIZE': 128, 'input_size': 1, 'hidden_size': 512, 'num_layers': 1, 'Bi': False, 'epochs': 150, 'lr': 0.001, 'model_dir': '../checkpoint', 'model_name': 'cnn_lstm.pth'}, 'test': {'evaluate': False, 'pretrained': False, 'label2index': {'支付宝': 0, '知乎': 1}}}
2023-06-14 15:07:14,107 - INFO - 2_train_test_script.py [:27] - 是否使用 GPU 进行训练, cpu
2023-06-14 15:07:14,177 - INFO - 2_train_test_script.py [:39] - 成功初始化模型.
2023-06-14 15:07:48,166 - INFO - 2_train_test_script.py [:24] - {'preprocess': {'npy_path': '../npy_data/test', 'traffic_path': '../test_data', 'packet_num': 4, 'byte_num': 256, 'ipLength': 128, 'threshold': 3, 'train_size': 0.8}, 'train': {'train_pay': '../npy_data/test/train/pay_load.npy', 'train_seq': '../npy_data/test/train/ip_length.npy', 'train_label': '../npy_data/test/train/label.npy', 'test_pay': '../npy_data/test/test/pay_load.npy', 'test_seq': '../npy_data/test/train/ip_length.npy', 'test_label': '../npy_data/test/test/label.npy', 'BATCH_SIZE': 128, 'input_size': 1, 'hidden_size': 512, 'num_layers': 1, 'Bi': False, 'epochs': 150, 'lr': 0.001, 'model_dir': '../checkpoint', 'model_name': 'cnn_lstm.pth'}, 'test': {'evaluate': False, 'pretrained': False, 'label2index': {'支付宝': 0, '知乎': 1}}}
2023-06-14 15:07:48,166 - INFO - 2_train_test_script.py [:27] - 是否使用 GPU 进行训练, cpu
2023-06-14 15:07:48,245 - INFO - 2_train_test_script.py [:39] - 成功初始化模型.
2023-06-14 15:07:49,445 - INFO - dataLoader.py [:19] - pcap 文件大小, torch.Size([500, 1024]); seq文件大小:torch.Size([500, 128]); label 文件大小: torch.Size([500])
2023-06-14 15:07:50,894 - INFO - dataLoader.py [:19] - pcap 文件大小, torch.Size([126, 1024]); seq文件大小:torch.Size([500, 128]); label 文件大小: torch.Size([126])
2023-06-14 15:08:10,353 - INFO - 2_train_test_script.py [:24] - {'preprocess': {'npy_path': '../npy_data/test', 'traffic_path': '../test_data', 'packet_num': 4, 'byte_num': 256, 'ipLength': 128, 'threshold': 3, 'train_size': 0.8}, 'train': {'train_pay': '../npy_data/test/train/pay_load.npy', 'train_seq': '../npy_data/test/train/ip_length.npy', 'train_label': '../npy_data/test/train/label.npy', 'test_pay': '../npy_data/test/test/pay_load.npy', 'test_seq': '../npy_data/test/train/ip_length.npy', 'test_label': '../npy_data/test/test/label.npy', 'BATCH_SIZE': 128, 'input_size': 1, 'hidden_size': 512, 'num_layers': 1, 'Bi': False, 'epochs': 150, 'lr': 0.001, 'model_dir': '../checkpoint', 'model_name': 'cnn_lstm.pth'}, 'test': {'evaluate': False, 'pretrained': False, 'label2index': {'支付宝': 0, '知乎': 1}}}
2023-06-14 15:08:10,354 - INFO - 2_train_test_script.py [:27] - 是否使用 GPU 进行训练, cpu
2023-06-14 15:08:10,435 - INFO - 2_train_test_script.py [:39] - 成功初始化模型.
2023-06-14 15:08:11,555 - INFO - dataLoader.py [:19] - pcap 文件大小, torch.Size([500, 1024]); seq文件大小:torch.Size([500, 128]); label 文件大小: torch.Size([500])
2023-06-14 15:08:12,598 - INFO - dataLoader.py [:19] - pcap 文件大小, torch.Size([126, 1024]); seq文件大小:torch.Size([500, 128]); label 文件大小: torch.Size([126])
2023-06-14 15:08:31,167 - INFO - 2_train_test_script.py [:24] - {'preprocess': {'npy_path': '../npy_data/test', 'traffic_path': '../test_data', 'packet_num': 4, 'byte_num': 256, 'ipLength': 128, 'threshold': 3, 'train_size': 0.8}, 'train': {'train_pay': '../npy_data/test/train/pay_load.npy', 'train_seq': '../npy_data/test/train/ip_length.npy', 'train_label': '../npy_data/test/train/label.npy', 'test_pay': '../npy_data/test/test/pay_load.npy', 'test_seq': '../npy_data/test/train/ip_length.npy', 'test_label': '../npy_data/test/test/label.npy', 'BATCH_SIZE': 128, 'input_size': 1, 'hidden_size': 512, 'num_layers': 1, 'Bi': False, 'epochs': 150, 'lr': 0.001, 'model_dir': '../checkpoint', 'model_name': 'cnn_lstm.pth'}, 'test': {'evaluate': False, 'pretrained': False, 'label2index': {'支付宝': 0, '知乎': 1}}}
2023-06-14 15:08:31,168 - INFO - 2_train_test_script.py [:27] - 是否使用 GPU 进行训练, cpu
2023-06-14 15:08:31,240 - INFO - 2_train_test_script.py [:39] - 成功初始化模型.
2023-06-14 15:08:50,629 - INFO - dataLoader.py [:19] - pcap 文件大小, torch.Size([500, 1024]); seq文件大小:torch.Size([500, 128]); label 文件大小: torch.Size([500])
2023-06-14 15:10:19,750 - INFO - 2_train_test_script.py [:24] - {'preprocess': {'npy_path': '../npy_data/test', 'traffic_path': '../test_data', 'packet_num': 4, 'byte_num': 256, 'ipLength': 128, 'threshold': 3, 'train_size': 0.8}, 'train': {'train_pay': '../npy_data/test/train/pay_load.npy', 'train_seq': '../npy_data/test/train/ip_length.npy', 'train_label': '../npy_data/test/train/label.npy', 'test_pay': '../npy_data/test/test/pay_load.npy', 'test_seq': '../npy_data/test/test/ip_length.npy', 'test_label': '../npy_data/test/test/label.npy', 'BATCH_SIZE': 128, 'input_size': 1, 'hidden_size': 512, 'num_layers': 1, 'Bi': False, 'epochs': 150, 'lr': 0.001, 'model_dir': '../checkpoint', 'model_name': 'cnn_lstm.pth'}, 'test': {'evaluate': False, 'pretrained': False, 'label2index': {'支付宝': 0, '知乎': 1}}}
2023-06-14 15:10:19,751 - INFO - 2_train_test_script.py [:27] - 是否使用 GPU 进行训练, cpu
2023-06-14 15:10:19,825 - INFO - 2_train_test_script.py [:39] - 成功初始化模型.
2023-06-14 15:10:20,699 - INFO - dataLoader.py [:19] - pcap 文件大小, torch.Size([500, 1024]); seq文件大小:torch.Size([500, 128]); label 文件大小: torch.Size([500])
2023-06-14 15:10:21,422 - INFO - dataLoader.py [:19] - pcap 文件大小, torch.Size([126, 1024]); seq文件大小:torch.Size([126, 128]); label 文件大小: torch.Size([126])
2023-06-14 15:10:22,055 - INFO - 2_train_test_script.py [:47] - 成功加载数据集.
2023-06-14 15:10:53,861 - INFO - 2_train_test_script.py [:24] - {'preprocess': {'npy_path': '../npy_data/test', 'traffic_path': '../test_data', 'packet_num': 4, 'byte_num': 256, 'ipLength': 128, 'threshold': 3, 'train_size': 0.8}, 'train': {'train_pay': '../npy_data/test/train/pay_load.npy', 'train_seq': '../npy_data/test/train/ip_length.npy', 'train_label': '../npy_data/test/train/label.npy', 'test_pay': '../npy_data/test/test/pay_load.npy', 'test_seq': '../npy_data/test/test/ip_length.npy', 'test_label': '../npy_data/test/test/label.npy', 'BATCH_SIZE': 128, 'input_size': 1, 'hidden_size': 512, 'num_layers': 1, 'Bi': False, 'epochs': 150, 'lr': 0.001, 'model_dir': '../checkpoint', 'model_name': 'cnn_lstm.pth'}, 'test': {'evaluate': False, 'pretrained': False, 'label2index': {'支付宝': 0, '知乎': 1}}}
2023-06-14 15:10:53,861 - INFO - 2_train_test_script.py [:27] - 是否使用 GPU 进行训练, cpu
2023-06-14 15:10:53,933 - INFO - 2_train_test_script.py [:39] - 成功初始化模型.
2023-06-14 15:10:53,951 - INFO - dataLoader.py [:19] - pcap 文件大小, torch.Size([500, 1024]); seq文件大小:torch.Size([500, 128]); label 文件大小: torch.Size([500])
2023-06-14 15:10:53,954 - INFO - dataLoader.py [:19] - pcap 文件大小, torch.Size([126, 1024]); seq文件大小:torch.Size([126, 128]); label 文件大小: torch.Size([126])
2023-06-14 15:10:53,954 - INFO - 2_train_test_script.py [:47] - 成功加载数据集.
2023-06-14 15:11:12,844 - INFO - 2_train_test_script.py [:24] - {'preprocess': {'npy_path': '../npy_data/test', 'traffic_path': '../test_data', 'packet_num': 4, 'byte_num': 256, 'ipLength': 128, 'threshold': 3, 'train_size': 0.8}, 'train': {'train_pay': '../npy_data/test/train/pay_load.npy', 'train_seq': '../npy_data/test/train/ip_length.npy', 'train_label': '../npy_data/test/train/label.npy', 'test_pay': '../npy_data/test/test/pay_load.npy', 'test_seq': '../npy_data/test/test/ip_length.npy', 'test_label': '../npy_data/test/test/label.npy', 'BATCH_SIZE': 128, 'input_size': 1, 'hidden_size': 512, 'num_layers': 1, 'Bi': False, 'epochs': 150, 'lr': 0.001, 'model_dir': '../checkpoint', 'model_name': 'cnn_lstm.pth'}, 'test': {'evaluate': False, 'pretrained': False, 'label2index': {'支付宝': 0, '知乎': 1}}}
2023-06-14 15:11:12,844 - INFO - 2_train_test_script.py [:27] - 是否使用 GPU 进行训练, cpu
2023-06-14 15:11:12,915 - INFO - 2_train_test_script.py [:39] - 成功初始化模型.
2023-06-14 15:11:12,932 - INFO - dataLoader.py [:19] - pcap 文件大小, torch.Size([500, 1024]); seq文件大小:torch.Size([500, 128]); label 文件大小: torch.Size([500])
2023-06-14 15:11:12,935 - INFO - dataLoader.py [:19] - pcap 文件大小, torch.Size([126, 1024]); seq文件大小:torch.Size([126, 128]); label 文件大小: torch.Size([126])
2023-06-14 15:11:12,936 - INFO - 2_train_test_script.py [:47] - 成功加载数据集.
2023-06-14 15:18:04,346 - INFO - 2_train_test_script.py [:24] - {'preprocess': {'npy_path': '../npy_data/test', 'traffic_path': '../test_data', 'packet_num': 4, 'byte_num': 256, 'ipLength': 128, 'threshold': 3, 'train_size': 0.8}, 'train': {'train_pay': '../npy_data/test/train/pay_load.npy', 'train_seq': '../npy_data/test/train/ip_length.npy', 'train_label': '../npy_data/test/train/label.npy', 'test_pay': '../npy_data/test/test/pay_load.npy', 'test_seq': '../npy_data/test/test/ip_length.npy', 'test_label': '../npy_data/test/test/label.npy', 'BATCH_SIZE': 128, 'input_size': 1, 'hidden_size': 512, 'num_layers': 1, 'Bi': False, 'epochs': 150, 'lr': 0.001, 'model_dir': '../checkpoint', 'model_name': 'cnn_lstm.pth'}, 'test': {'evaluate': False, 'pretrained': False, 'label2index': {'支付宝': 0, '知乎': 1}}}
2023-06-14 15:18:04,346 - INFO - 2_train_test_script.py [:27] - 是否使用 GPU 进行训练, cpu
2023-06-14 15:18:04,418 - INFO - 2_train_test_script.py [:39] - 成功初始化模型.
2023-06-14 15:18:04,436 - INFO - dataLoader.py [:19] - pcap 文件大小, torch.Size([500, 1, 1024]); seq文件大小:torch.Size([500, 1, 128]); label 文件大小: torch.Size([500])
2023-06-14 15:18:04,439 - INFO - dataLoader.py [:19] - pcap 文件大小, torch.Size([126, 1, 1024]); seq文件大小:torch.Size([126, 1, 128]); label 文件大小: torch.Size([126])
2023-06-14 15:18:04,439 - INFO - 2_train_test_script.py [:47] - 成功加载数据集.
2023-06-14 15:18:28,508 - INFO - 2_train_test_script.py [:24] - {'preprocess': {'npy_path': '../npy_data/test', 'traffic_path': '../test_data', 'packet_num': 4, 'byte_num': 256, 'ipLength': 128, 'threshold': 3, 'train_size': 0.8}, 'train': {'train_pay': '../npy_data/test/train/pay_load.npy', 'train_seq': '../npy_data/test/train/ip_length.npy', 'train_label': '../npy_data/test/train/label.npy', 'test_pay': '../npy_data/test/test/pay_load.npy', 'test_seq': '../npy_data/test/test/ip_length.npy', 'test_label': '../npy_data/test/test/label.npy', 'BATCH_SIZE': 128, 'input_size': 1, 'hidden_size': 512, 'num_layers': 1, 'Bi': False, 'epochs': 150, 'lr': 0.001, 'model_dir': '../checkpoint', 'model_name': 'cnn_lstm.pth'}, 'test': {'evaluate': False, 'pretrained': False, 'label2index': {'支付宝': 0, '知乎': 1}}}
2023-06-14 15:18:28,508 - INFO - 2_train_test_script.py [:27] - 是否使用 GPU 进行训练, cpu
2023-06-14 15:18:28,579 - INFO - 2_train_test_script.py [:39] - 成功初始化模型.
2023-06-14 15:18:28,596 - INFO - dataLoader.py [:19] - pcap 文件大小, torch.Size([500, 1, 1024]); seq文件大小:torch.Size([500, 1, 128]); label 文件大小: torch.Size([500])
2023-06-14 15:18:28,599 - INFO - dataLoader.py [:19] - pcap 文件大小, torch.Size([126, 1, 1024]); seq文件大小:torch.Size([126, 1, 128]); label 文件大小: torch.Size([126])
2023-06-14 15:18:28,599 - INFO - 2_train_test_script.py [:47] - 成功加载数据集.
2023-06-14 15:18:50,317 - INFO - 2_train_test_script.py [:24] - {'preprocess': {'npy_path': '../npy_data/test', 'traffic_path': '../test_data', 'packet_num': 4, 'byte_num': 256, 'ipLength': 128, 'threshold': 3, 'train_size': 0.8}, 'train': {'train_pay': '../npy_data/test/train/pay_load.npy', 'train_seq': '../npy_data/test/train/ip_length.npy', 'train_label': '../npy_data/test/train/label.npy', 'test_pay': '../npy_data/test/test/pay_load.npy', 'test_seq': '../npy_data/test/test/ip_length.npy', 'test_label': '../npy_data/test/test/label.npy', 'BATCH_SIZE': 128, 'input_size': 1, 'hidden_size': 512, 'num_layers': 1, 'Bi': False, 'epochs': 150, 'lr': 0.001, 'model_dir': '../checkpoint', 'model_name': 'cnn_lstm.pth'}, 'test': {'evaluate': False, 'pretrained': False, 'label2index': {'支付宝': 0, '知乎': 1}}}
2023-06-14 15:18:50,318 - INFO - 2_train_test_script.py [:27] - 是否使用 GPU 进行训练, cpu
2023-06-14 15:18:50,392 - INFO - 2_train_test_script.py [:39] - 成功初始化模型.
2023-06-14 15:18:50,410 - INFO - dataLoader.py [:19] - pcap 文件大小, torch.Size([500, 1, 1024]); seq文件大小:torch.Size([500, 1, 128]); label 文件大小: torch.Size([500])
2023-06-14 15:18:50,413 - INFO - dataLoader.py [:19] - pcap 文件大小, torch.Size([126, 1, 1024]); seq文件大小:torch.Size([126, 1, 128]); label 文件大小: torch.Size([126])
2023-06-14 15:18:50,413 - INFO - 2_train_test_script.py [:47] - 成功加载数据集.
2023-06-14 15:22:27,652 - INFO - 2_train_test_script.py [:24] - {'preprocess': {'npy_path': '../npy_data/test', 'traffic_path': '../test_data', 'packet_num': 4, 'byte_num': 256, 'ipLength': 128, 'threshold': 3, 'train_size': 0.8}, 'train': {'train_pay': '../npy_data/test/train/pay_load.npy', 'train_seq': '../npy_data/test/train/ip_length.npy', 'train_label': '../npy_data/test/train/label.npy', 'test_pay': '../npy_data/test/test/pay_load.npy', 'test_seq': '../npy_data/test/test/ip_length.npy', 'test_label': '../npy_data/test/test/label.npy', 'BATCH_SIZE': 128, 'input_size': 1, 'hidden_size': 512, 'num_layers': 1, 'Bi': False, 'epochs': 150, 'lr': 0.001, 'model_dir': '../checkpoint', 'model_name': 'cnn_lstm.pth'}, 'test': {'evaluate': False, 'pretrained': False, 'label2index': {'支付宝': 0, '知乎': 1}}}
2023-06-14 15:22:27,652 - INFO - 2_train_test_script.py [:27] - 是否使用 GPU 进行训练, cpu
2023-06-14 15:22:27,725 - INFO - 2_train_test_script.py [:39] - 成功初始化模型.
2023-06-14 15:22:27,741 - INFO - dataLoader.py [:20] - pcap 文件大小, torch.Size([500, 1, 1024]); seq文件大小:torch.Size([500, 128, 1]); label 文件大小: torch.Size([500])
2023-06-14 15:22:27,744 - INFO - dataLoader.py [:20] - pcap 文件大小, torch.Size([126, 1, 1024]); seq文件大小:torch.Size([126, 128, 1]); label 文件大小: torch.Size([126])
2023-06-14 15:22:27,744 - INFO - 2_train_test_script.py [:47] - 成功加载数据集.
